This is pdfTeX, Version 3.14159265-2.6-1.40.19 (TeX Live 2019/dev/Debian) (preloaded format=pdflatex 2018.12.2)  9 FEB 2019 06:33
entering extended mode
 restricted \write18 enabled.
 %&-line parsing enabled.
**DP.tex
(./DP.tex
LaTeX2e <2018-04-01> patch level 5
(/usr/share/texlive/texmf-dist/tex/latex/base/article.cls
Document Class: article 2014/09/29 v1.4h Standard LaTeX document class
(/usr/share/texlive/texmf-dist/tex/latex/base/size10.clo
File: size10.clo 2014/09/29 v1.4h Standard LaTeX file (size option)
)
\c@part=\count80
\c@section=\count81
\c@subsection=\count82
\c@subsubsection=\count83
\c@paragraph=\count84
\c@subparagraph=\count85
\c@figure=\count86
\c@table=\count87
\abovecaptionskip=\skip41
\belowcaptionskip=\skip42
\bibindent=\dimen102
)
(/usr/share/texlive/texmf-dist/tex/latex/geometry/geometry.sty
Package: geometry 2018/04/16 v5.8 Page Geometry

(/usr/share/texlive/texmf-dist/tex/latex/graphics/keyval.sty
Package: keyval 2014/10/28 v1.15 key=value parser (DPC)
\KV@toks@=\toks14
)
(/usr/share/texlive/texmf-dist/tex/generic/oberdiek/ifpdf.sty
Package: ifpdf 2017/03/15 v3.2 Provides the ifpdf switch
)
(/usr/share/texlive/texmf-dist/tex/generic/oberdiek/ifvtex.sty
Package: ifvtex 2016/05/16 v1.6 Detect VTeX and its facilities (HO)
Package ifvtex Info: VTeX not detected.
)
(/usr/share/texlive/texmf-dist/tex/generic/ifxetex/ifxetex.sty
Package: ifxetex 2010/09/12 v0.6 Provides ifxetex conditional
)
\Gm@cnth=\count88
\Gm@cntv=\count89
\c@Gm@tempcnt=\count90
\Gm@bindingoffset=\dimen103
\Gm@wd@mp=\dimen104
\Gm@odd@mp=\dimen105
\Gm@even@mp=\dimen106
\Gm@layoutwidth=\dimen107
\Gm@layoutheight=\dimen108
\Gm@layouthoffset=\dimen109
\Gm@layoutvoffset=\dimen110
\Gm@dimlist=\toks15
)
(/usr/share/texlive/texmf-dist/tex/latex/amsmath/amsmath.sty
Package: amsmath 2017/09/02 v2.17a AMS math features
\@mathmargin=\skip43

For additional information on amsmath, use the `?' option.
(/usr/share/texlive/texmf-dist/tex/latex/amsmath/amstext.sty
Package: amstext 2000/06/29 v2.01 AMS text

(/usr/share/texlive/texmf-dist/tex/latex/amsmath/amsgen.sty
File: amsgen.sty 1999/11/30 v2.0 generic functions
\@emptytoks=\toks16
\ex@=\dimen111
))
(/usr/share/texlive/texmf-dist/tex/latex/amsmath/amsbsy.sty
Package: amsbsy 1999/11/29 v1.2d Bold Symbols
\pmbraise@=\dimen112
)
(/usr/share/texlive/texmf-dist/tex/latex/amsmath/amsopn.sty
Package: amsopn 2016/03/08 v2.02 operator names
)
\inf@bad=\count91
LaTeX Info: Redefining \frac on input line 213.
\uproot@=\count92
\leftroot@=\count93
LaTeX Info: Redefining \overline on input line 375.
\classnum@=\count94
\DOTSCASE@=\count95
LaTeX Info: Redefining \ldots on input line 472.
LaTeX Info: Redefining \dots on input line 475.
LaTeX Info: Redefining \cdots on input line 596.
\Mathstrutbox@=\box26
\strutbox@=\box27
\big@size=\dimen113
LaTeX Font Info:    Redeclaring font encoding OML on input line 712.
LaTeX Font Info:    Redeclaring font encoding OMS on input line 713.
\macc@depth=\count96
\c@MaxMatrixCols=\count97
\dotsspace@=\muskip10
\c@parentequation=\count98
\dspbrk@lvl=\count99
\tag@help=\toks17
\row@=\count100
\column@=\count101
\maxfields@=\count102
\andhelp@=\toks18
\eqnshift@=\dimen114
\alignsep@=\dimen115
\tagshift@=\dimen116
\tagwidth@=\dimen117
\totwidth@=\dimen118
\lineht@=\dimen119
\@envbody=\toks19
\multlinegap=\skip44
\multlinetaggap=\skip45
\mathdisplay@stack=\toks20
LaTeX Info: Redefining \[ on input line 2817.
LaTeX Info: Redefining \] on input line 2818.
)
(/usr/share/texlive/texmf-dist/tex/latex/tools/multicol.sty
Package: multicol 2018/04/20 v1.8s multicolumn formatting (FMi)
\c@tracingmulticols=\count103
\mult@box=\box28
\multicol@leftmargin=\dimen120
\c@unbalance=\count104
\c@collectmore=\count105
\doublecol@number=\count106
\multicoltolerance=\count107
\multicolpretolerance=\count108
\full@width=\dimen121
\page@free=\dimen122
\premulticols=\dimen123
\postmulticols=\dimen124
\multicolsep=\skip46
\multicolbaselineskip=\skip47
\partial@page=\box29
\last@line=\box30
\maxbalancingoverflow=\dimen125
\mult@rightbox=\box31
\mult@grightbox=\box32
\mult@gfirstbox=\box33
\mult@firstbox=\box34
\@tempa=\box35
\@tempa=\box36
\@tempa=\box37
\@tempa=\box38
\@tempa=\box39
\@tempa=\box40
\@tempa=\box41
\@tempa=\box42
\@tempa=\box43
\@tempa=\box44
\@tempa=\box45
\@tempa=\box46
\@tempa=\box47
\@tempa=\box48
\@tempa=\box49
\@tempa=\box50
\@tempa=\box51
\c@columnbadness=\count109
\c@finalcolumnbadness=\count110
\last@try=\dimen126
\multicolovershoot=\dimen127
\multicolundershoot=\dimen128
\mult@nat@firstbox=\box52
\colbreak@box=\box53
\mc@col@check@num=\count111
)
(/usr/share/texlive/texmf-dist/tex/latex/xcolor/xcolor.sty
Package: xcolor 2016/05/11 v2.12 LaTeX color extensions (UK)

(/usr/share/texlive/texmf-dist/tex/latex/graphics-cfg/color.cfg
File: color.cfg 2016/01/02 v1.6 sample color configuration
)
Package xcolor Info: Driver file: pdftex.def on input line 225.

(/usr/share/texlive/texmf-dist/tex/latex/graphics-def/pdftex.def
File: pdftex.def 2018/01/08 v1.0l Graphics/color driver for pdftex
)
Package xcolor Info: Model `cmy' substituted by `cmy0' on input line 1348.
Package xcolor Info: Model `hsb' substituted by `rgb' on input line 1352.
Package xcolor Info: Model `RGB' extended on input line 1364.
Package xcolor Info: Model `HTML' substituted by `rgb' on input line 1366.
Package xcolor Info: Model `Hsb' substituted by `hsb' on input line 1367.
Package xcolor Info: Model `tHsb' substituted by `hsb' on input line 1368.
Package xcolor Info: Model `HSB' substituted by `hsb' on input line 1369.
Package xcolor Info: Model `Gray' substituted by `gray' on input line 1370.
Package xcolor Info: Model `wave' substituted by `hsb' on input line 1371.
)
(/usr/share/texlive/texmf-dist/tex/latex/graphics/graphicx.sty
Package: graphicx 2017/06/01 v1.1a Enhanced LaTeX Graphics (DPC,SPQR)

(/usr/share/texlive/texmf-dist/tex/latex/graphics/graphics.sty
Package: graphics 2017/06/25 v1.2c Standard LaTeX Graphics (DPC,SPQR)

(/usr/share/texlive/texmf-dist/tex/latex/graphics/trig.sty
Package: trig 2016/01/03 v1.10 sin cos tan (DPC)
)
(/usr/share/texlive/texmf-dist/tex/latex/graphics-cfg/graphics.cfg
File: graphics.cfg 2016/06/04 v1.11 sample graphics configuration
)
Package graphics Info: Driver file: pdftex.def on input line 99.
)
\Gin@req@height=\dimen129
\Gin@req@width=\dimen130
)
(/usr/share/texlive/texmf-dist/tex/latex/wrapfig/wrapfig.sty
\wrapoverhang=\dimen131
\WF@size=\dimen132
\c@WF@wrappedlines=\count112
\WF@box=\box54
\WF@everypar=\toks21
Package: wrapfig 2003/01/31  v 3.6
)
(/usr/share/texlive/texmf-dist/tex/latex/float/float.sty
Package: float 2001/11/08 v1.3d Float enhancements (AL)
\c@float@type=\count113
\float@exts=\toks22
\float@box=\box55
\@float@everytoks=\toks23
\@floatcapt=\box56
) (./DP.aux)
\openout1 = `DP.aux'.

LaTeX Font Info:    Checking defaults for OML/cmm/m/it on input line 47.
LaTeX Font Info:    ... okay on input line 47.
LaTeX Font Info:    Checking defaults for T1/cmr/m/n on input line 47.
LaTeX Font Info:    ... okay on input line 47.
LaTeX Font Info:    Checking defaults for OT1/cmr/m/n on input line 47.
LaTeX Font Info:    ... okay on input line 47.
LaTeX Font Info:    Checking defaults for OMS/cmsy/m/n on input line 47.
LaTeX Font Info:    ... okay on input line 47.
LaTeX Font Info:    Checking defaults for OMX/cmex/m/n on input line 47.
LaTeX Font Info:    ... okay on input line 47.
LaTeX Font Info:    Checking defaults for U/cmr/m/n on input line 47.
LaTeX Font Info:    ... okay on input line 47.

*geometry* driver: auto-detecting
*geometry* detected driver: pdftex
*geometry* verbose mode - [ preamble ] result:
* driver: pdftex
* paper: <default>
* layout: <same size as paper>
* layoutoffset:(h,v)=(0.0pt,0.0pt)
* modes: landscape 
* h-part:(L,W,R)=(0.0pt, 794.96999pt, 0.0pt)
* v-part:(T,H,B)=(0.0pt, 614.295pt, 0.0pt)
* \paperwidth=794.96999pt
* \paperheight=614.295pt
* \textwidth=794.96999pt
* \textheight=614.295pt
* \oddsidemargin=-72.26999pt
* \evensidemargin=-72.26999pt
* \topmargin=-109.26999pt
* \headheight=12.0pt
* \headsep=25.0pt
* \topskip=10.0pt
* \footskip=30.0pt
* \marginparwidth=65.0pt
* \marginparsep=11.0pt
* \columnsep=3.61371pt
* \skip\footins=9.0pt plus 4.0pt minus 2.0pt
* \hoffset=0.0pt
* \voffset=0.0pt
* \mag=1000
* \@twocolumnfalse
* \@twosidefalse
* \@mparswitchfalse
* \@reversemarginfalse
* (1in=72.27pt=25.4mm, 1cm=28.453pt)

(/usr/share/texlive/texmf-dist/tex/context/base/mkii/supp-pdf.mkii
[Loading MPS to PDF converter (version 2006.09.02).]
\scratchcounter=\count114
\scratchdimen=\dimen133
\scratchbox=\box57
\nofMPsegments=\count115
\nofMParguments=\count116
\everyMPshowfont=\toks24
\MPscratchCnt=\count117
\MPscratchDim=\dimen134
\MPnumerator=\count118
\makeMPintoPDFobject=\count119
\everyMPtoPDFconversion=\toks25
) (/usr/share/texlive/texmf-dist/tex/latex/oberdiek/epstopdf-base.sty
Package: epstopdf-base 2016/05/15 v2.6 Base part for package epstopdf

(/usr/share/texlive/texmf-dist/tex/generic/oberdiek/infwarerr.sty
Package: infwarerr 2016/05/16 v1.4 Providing info/warning/error messages (HO)
)
(/usr/share/texlive/texmf-dist/tex/latex/oberdiek/grfext.sty
Package: grfext 2016/05/16 v1.2 Manage graphics extensions (HO)

(/usr/share/texlive/texmf-dist/tex/generic/oberdiek/kvdefinekeys.sty
Package: kvdefinekeys 2016/05/16 v1.4 Define keys (HO)

(/usr/share/texlive/texmf-dist/tex/generic/oberdiek/ltxcmds.sty
Package: ltxcmds 2016/05/16 v1.23 LaTeX kernel commands for general use (HO)
)))
(/usr/share/texlive/texmf-dist/tex/latex/oberdiek/kvoptions.sty
Package: kvoptions 2016/05/16 v3.12 Key value format for package options (HO)

(/usr/share/texlive/texmf-dist/tex/generic/oberdiek/kvsetkeys.sty
Package: kvsetkeys 2016/05/16 v1.17 Key value parser (HO)

(/usr/share/texlive/texmf-dist/tex/generic/oberdiek/etexcmds.sty
Package: etexcmds 2016/05/16 v1.6 Avoid name clashes with e-TeX commands (HO)

(/usr/share/texlive/texmf-dist/tex/generic/oberdiek/ifluatex.sty
Package: ifluatex 2016/05/16 v1.4 Provides the ifluatex switch (HO)
Package ifluatex Info: LuaTeX not detected.
))))
(/usr/share/texlive/texmf-dist/tex/generic/oberdiek/pdftexcmds.sty
Package: pdftexcmds 2018/01/30 v0.27 Utility functions of pdfTeX for LuaTeX (HO
)
Package pdftexcmds Info: LuaTeX not detected.
Package pdftexcmds Info: \pdf@primitive is available.
Package pdftexcmds Info: \pdf@ifprimitive is available.
Package pdftexcmds Info: \pdfdraftmode found.
)
Package epstopdf-base Info: Redefining graphics rule for `.eps' on input line 4
38.
Package grfext Info: Graphics extension search list:
(grfext)             [.pdf,.png,.jpg,.mps,.jpeg,.jbig2,.jb2,.PDF,.PNG,.JPG,.JPE
G,.JBIG2,.JB2,.eps]
(grfext)             \AppendGraphicsExtensions on input line 456.

(/usr/share/texlive/texmf-dist/tex/latex/latexconfig/epstopdf-sys.cfg
File: epstopdf-sys.cfg 2010/07/13 v1.3 Configuration of (r)epstopdf for TeX Liv
e
))
<ice_ages1.jpg, id=1, 542.025pt x 211.79124pt>
File: ice_ages1.jpg Graphic file (type jpg)
<use ice_ages1.jpg>
Package pdftex.def Info: ice_ages1.jpg  used on input line 145.
(pdftex.def)             Requested size: 196.03221pt x 76.59703pt.
<hydrology.jpg, id=2, 976.64874pt x 476.78125pt>
File: hydrology.jpg Graphic file (type jpg)
<use hydrology.jpg>
Package pdftex.def Info: hydrology.jpg  used on input line 154.
(pdftex.def)             Requested size: 196.03221pt x 95.69649pt.
<landforms.jpg, id=3, 321.2pt x 199.74625pt>
File: landforms.jpg Graphic file (type jpg)
<use landforms.jpg>
Package pdftex.def Info: landforms.jpg  used on input line 155.
(pdftex.def)             Requested size: 196.03221pt x 121.90903pt.
<moraines.jpg, id=4, 451.6875pt x 400.49625pt>
File: moraines.jpg Graphic file (type jpg)
<use moraines.jpg>
Package pdftex.def Info: moraines.jpg  used on input line 156.
(pdftex.def)             Requested size: 196.03221pt x 173.81723pt.
<Glacier_Types.jpg, id=5, 746.01291pt x 559.50967pt>
File: Glacier_Types.jpg Graphic file (type jpg)
<use Glacier_Types.jpg>
Package pdftex.def Info: Glacier_Types.jpg  used on input line 157.
(pdftex.def)             Requested size: 196.03221pt x 147.02289pt.
<glacierflow2.jpg, id=6, 930.47626pt x 714.67pt>
File: glacierflow2.jpg Graphic file (type jpg)
<use glacierflow2.jpg>
Package pdftex.def Info: glacierflow2.jpg  used on input line 158.
(pdftex.def)             Requested size: 98.0161pt x 75.27701pt.
<Larsen_contours.jpg, id=7, 276.03125pt x 290.08376pt>
File: Larsen_contours.jpg Graphic file (type jpg)
<use Larsen_contours.jpg>
Package pdftex.def Info: Larsen_contours.jpg  used on input line 158.
(pdftex.def)             Requested size: 98.0161pt x 103.00479pt.
<iceshelf_locations.png, id=8, 1606.0pt x 1290.8225pt>
File: iceshelf_locations.png Graphic file (type png)
<use iceshelf_locations.png>
Package pdftex.def Info: iceshelf_locations.png  used on input line 329.
(pdftex.def)             Requested size: 196.03221pt x 157.55101pt.
<othersea.jpg, id=10, 513.92pt x 228.855pt>
File: othersea.jpg Graphic file (type jpg)
<use othersea.jpg>
Package pdftex.def Info: othersea.jpg  used on input line 330.
(pdftex.def)             Requested size: 196.03221pt x 87.29753pt.
<arctic.png, id=11, 933.4875pt x 923.45pt>
File: arctic.png Graphic file (type png)
<use arctic.png>
Package pdftex.def Info: arctic.png  used on input line 331.
(pdftex.def)             Requested size: 98.0161pt x 96.95805pt.
<lgm.jpg, id=12, 216.81pt x 157.5486pt>
File: lgm.jpg Graphic file (type jpg)
<use lgm.jpg>
Package pdftex.def Info: lgm.jpg  used on input line 331.
(pdftex.def)             Requested size: 98.0161pt x 71.22556pt.
<na.jpg, id=13, 494.84875pt x 513.92pt>
File: na.jpg Graphic file (type jpg)
<use na.jpg>
Package pdftex.def Info: na.jpg  used on input line 332.
(pdftex.def)             Requested size: 196.03221pt x 203.58823pt.
<corrie.png, id=14, 722.7pt x 542.025pt>
File: corrie.png Graphic file (type png)
<use corrie.png>
Package pdftex.def Info: corrie.png  used on input line 333.
(pdftex.def)             Requested size: 98.0161pt x 73.50931pt.
<milan.jpg, id=15, 265.99374pt x 190.7125pt>
File: milan.jpg Graphic file (type jpg)
<use milan.jpg>
Package pdftex.def Info: milan.jpg  used on input line 333.
(pdftex.def)             Requested size: 98.0161pt x 70.27441pt.
<seaice.png, id=16, 677.53125pt x 377.41pt>
File: seaice.png Graphic file (type png)
<use seaice.png>
Package pdftex.def Info: seaice.png  used on input line 334.
(pdftex.def)             Requested size: 196.03221pt x 109.19846pt.
<southern.jpg, id=17, 949.5475pt x 817.0525pt>
File: southern.jpg Graphic file (type jpg)
<use southern.jpg>
Package pdftex.def Info: southern.jpg  used on input line 335.
(pdftex.def)             Requested size: 98.0161pt x 84.32814pt.
<greenland.jpg, id=18, 853.1875pt x 725.71124pt>
File: greenland.jpg Graphic file (type jpg)
<use greenland.jpg>
Package pdftex.def Info: greenland.jpg  used on input line 335.
(pdftex.def)             Requested size: 98.0161pt x 83.3609pt.
<fjord.png, id=19, 113.9457pt x 78.7743pt>
File: fjord.png Graphic file (type png)
<use fjord.png>
Package pdftex.def Info: fjord.png  used on input line 336.
(pdftex.def)             Requested size: 98.0161pt x 67.7614pt.
<glacier.png, id=20, 180.675pt x 105.87555pt>
File: glacier.png Graphic file (type png)
<use glacier.png>
Package pdftex.def Info: glacier.png  used on input line 336.
(pdftex.def)             Requested size: 98.0161pt x 57.43687pt.
<lauren.jpg, id=21, 347.2975pt x 328.22626pt>
File: lauren.jpg Graphic file (type jpg)
<use lauren.jpg>
Package pdftex.def Info: lauren.jpg  used on input line 337.
(pdftex.def)             Requested size: 98.0161pt x 92.63393pt.
<cordi.jpg, id=22, 456.70625pt x 276.03125pt>
File: cordi.jpg Graphic file (type jpg)
<use cordi.jpg>
Package pdftex.def Info: cordi.jpg  used on input line 337.
(pdftex.def)             Requested size: 98.0161pt x 59.24025pt.
<wordlmap.jpg, id=23, 521.95pt x 258.9675pt>
File: wordlmap.jpg Graphic file (type jpg)
<use wordlmap.jpg>
Package pdftex.def Info: wordlmap.jpg  used on input line 338.
(pdftex.def)             Requested size: 196.03221pt x 97.26271pt.
<filler.jpg, id=24, 480.29437pt x 274.02374pt>
File: filler.jpg Graphic file (type jpg)
<use filler.jpg>
Package pdftex.def Info: filler.jpg  used on input line 339.
(pdftex.def)             Requested size: 142.26378pt x 81.16661pt.

Overfull \hbox (1.66669pt too wide) in paragraph at lines 54--341
[] []
 []


Overfull \hbox (1.66669pt too wide) in paragraph at lines 54--341
[] []
 []


Overfull \hbox (1.66669pt too wide) in paragraph at lines 54--341
[] []
 []


Overfull \hbox (1.66669pt too wide) in paragraph at lines 54--341
[] []
 []


Overfull \hbox (1.66669pt too wide) in paragraph at lines 54--341
[] []
 []


Overfull \hbox (1.66669pt too wide) in paragraph at lines 54--341
[] []
 []

[1

{/var/lib/texmf/fonts/map/pdftex/updmap/pdftex.map} <./ice_ages1.jpg> <./hydrol
ogy.jpg> <./landforms.jpg> <./moraines.jpg> <./Glacier_Types.jpg> <./glacierflo
w2.jpg> <./Larsen_contours.jpg>] [2 <./iceshelf_locations.png> <./othersea.jpg>
 <./arctic.png (PNG copy)> <./lgm.jpg> <./na.jpg> <./corrie.png> <./milan.jpg> 
<./seaice.png> <./southern.jpg> <./greenland.jpg> <./fjord.png> <./glacier.png>
 <./lauren.jpg> <./cordi.jpg> <./wordlmap.jpg> <./filler.jpg>] [3] (./DP.aux) )
 
Here is how much of TeX's memory you used:
 3349 strings out of 492641
 44838 string characters out of 6131787
 228836 words of memory out of 5000000
 7183 multiletter control sequences out of 15000+600000
 4884 words of font info for 18 fonts, out of 8000000 for 9000
 1141 hyphenation exceptions out of 8191
 41i,5n,35p,969b,266s stack positions out of 5000i,500n,10000p,200000b,80000s
</usr/share/texlive/texmf-dist/fonts/type1/public/amsfonts/cm/cmbx5.pfb></usr/s
hare/texlive/texmf-dist/fonts/type1/public/amsfonts/cm/cmbxti10.pfb></usr/share
/texlive/texmf-dist/fonts/type1/public/amsfonts/cm/cmmi5.pfb></usr/share/texliv
e/texmf-dist/fonts/type1/public/amsfonts/cm/cmr10.pfb></usr/share/texlive/texmf
-dist/fonts/type1/public/amsfonts/cm/cmr5.pfb></usr/share/texlive/texmf-dist/fo
nts/type1/public/amsfonts/cm/cmsy5.pfb></usr/share/texlive/texmf-dist/fonts/typ
e1/public/amsfonts/cm/cmti7.pfb>
Output written on DP.pdf (3 pages, 3996702 bytes).
PDF statistics:
 70 PDF objects out of 1000 (max. 8388607)
 30 compressed objects within 1 object stream
 0 named destinations out of 1000 (max. 500000)
 116 words of extra memory for PDF output out of 10000 (max. 10000000)

